<?xml version="1.0" encoding="UTF-8"?>
<testsuite xmlns:xsi="http://www.w3.org/2001/XMLSchema-instance" xsi:noNamespaceSchemaLocation="https://maven.apache.org/surefire/maven-surefire-plugin/xsd/surefire-test-report-3.0.xsd" version="3.0" name="ar.qubi.snmp.SnmpIntegrationTest" time="10.219" tests="8" errors="0" skipped="0" failures="0">
  <properties>
[...]
</properties>
  <testcase name="testTrapDispatcher" classname="ar.qubi.snmp.SnmpIntegrationTest" time="0.076"/>
  <testcase name="testSnmpResultProcessing" classname="ar.qubi.snmp.SnmpIntegrationTest" time="0.004"/>
  <testcase name="testSnmpGetWithInvalidTarget" classname="ar.qubi.snmp.SnmpIntegrationTest" time="10.099"/>
  <testcase name="testMibLookup" classname="ar.qubi.snmp.SnmpIntegrationTest" time="0.005"/>
  <testcase name="testTargetSpecCreation" classname="ar.qubi.snmp.SnmpIntegrationTest" time="0.002"/>
  <testcase name="testTrapServerStartStop" classname="ar.qubi.snmp.SnmpIntegrationTest" time="0.002"/>
  <testcase name="testClientCreation" classname="ar.qubi.snmp.SnmpIntegrationTest" time="0.001"/>
  <testcase name="testSnmpWalkWithInvalidTarget" classname="ar.qubi.snmp.SnmpIntegrationTest" time="0.001"/>
</testsuite>